<?xml version="1.0" encoding="UTF-8"?>
<!-- Generated by org.testng.reporters.JUnitReportReporter -->
<testsuite hostname="Emir-TOSH" failures="0" tests="4" name="tests.SubmitOrderTest" time="178.570" errors="0" timestamp="2022-12-20T12:01:55 CET" skipped="0">
  <testcase classname="tests.SubmitOrderTest" name="SubmitOrder" time="46.609"/>
  <system-out/>
  <testcase classname="tests.SubmitOrderTest" name="CheckoutCartPopupOrderHistoryTest" time="40.448"/>
  <system-out/>
  <testcase classname="tests.SubmitOrderTest" name="SubmitOrder" time="58.935"/>
  <system-out/>
  <testcase classname="tests.SubmitOrderTest" name="CheckoutCartPopupOrderHistoryTest" time="32.578"/>
  <system-out/>
</testsuite> <!-- tests.SubmitOrderTest -->
