<?xml version="1.0" encoding="UTF-8"?>
<!-- Generated by org.testng.reporters.JUnitReportReporter -->
<testsuite hostname="Emir-TOSH" failures="0" tests="2" name="tests.ErrorValidationsTests" time="75.784" errors="0" timestamp="2022-12-20T11:46:08 CET" skipped="0">
  <testcase classname="tests.ErrorValidationsTests" name="LoginErrorValidtion" time="29.466"/>
  <system-out/>
  <testcase classname="tests.ErrorValidationsTests" name="ProductErrorValidtion" time="46.318"/>
  <system-out/>
</testsuite> <!-- tests.ErrorValidationsTests -->
