<?xml version="1.0" encoding="UTF-8"?>
<!-- Generated by org.testng.reporters.JUnitReportReporter -->
<testsuite hostname="Emir-TOSH" failures="0" tests="4" name="EmirSeho.tests.SubmitOrderTest" time="239.295" errors="0" timestamp="2022-12-20T10:51:07 CET" skipped="0">
  <testcase classname="EmirSeho.tests.SubmitOrderTest" name="SubmitOrder" time="75.881"/>
  <system-out/>
  <testcase classname="EmirSeho.tests.SubmitOrderTest" name="SubmitOrder" time="89.484"/>
  <system-out/>
  <testcase classname="EmirSeho.tests.SubmitOrderTest" name="CheckoutCartPopupOrderHistoryTest" time="37.940"/>
  <system-out/>
  <testcase classname="EmirSeho.tests.SubmitOrderTest" name="CheckoutCartPopupOrderHistoryTest" time="35.990"/>
  <system-out/>
</testsuite> <!-- EmirSeho.tests.SubmitOrderTest -->
