<?xml version="1.0" encoding="UTF-8"?>
<!-- Generated by org.testng.reporters.JUnitReportReporter -->
<testsuite hostname="Emir-TOSH" failures="0" tests="2" name="EmirSeho.tests.ErrorValidationsTests" time="74.854" errors="0" timestamp="2022-12-20T10:51:07 CET" skipped="0">
  <testcase classname="EmirSeho.tests.ErrorValidationsTests" name="LoginErrorValidtion" time="29.173"/>
  <system-out/>
  <testcase classname="EmirSeho.tests.ErrorValidationsTests" name="ProductErrorValidtion" time="45.681"/>
  <system-out/>
</testsuite> <!-- EmirSeho.tests.ErrorValidationsTests -->
