<?xml version="1.0" encoding="UTF-8"?>
<!-- Generated by org.testng.reporters.JUnitReportReporter -->
<testsuite hostname="Emir-TOSH" failures="0" tests="2" name="EmirSeho.tests.SubmitOrderTest" time="73.837" errors="0" timestamp="2022-12-16T15:24:33 CET" skipped="0">
  <testcase classname="EmirSeho.tests.SubmitOrderTest" name="SubmitOrder" time="46.279"/>
  <system-out/>
  <testcase classname="EmirSeho.tests.SubmitOrderTest" name="CheckoutCartPopupOrderHistoryTest" time="27.558"/>
  <system-out/>
</testsuite> <!-- EmirSeho.tests.SubmitOrderTest -->
