<?xml version="1.0" encoding="UTF-8"?>
<!-- Generated by org.testng.reporters.JUnitReportReporter -->
<testsuite hostname="Emir-TOSH" failures="0" tests="1" name="EmirSeho.tests.ErrorValidationsTests" time="20.127" errors="0" timestamp="2022-12-16T15:37:33 CET" skipped="0">
  <testcase classname="EmirSeho.tests.ErrorValidationsTests" name="LoginErrorValidtion" time="20.127"/>
  <system-out/>
</testsuite> <!-- EmirSeho.tests.ErrorValidationsTests -->
