<?xml version="1.0" encoding="UTF-8"?>
<!-- Generated by org.testng.reporters.JUnitReportReporter -->
<testsuite hostname="Emir-TOSH" failures="0" tests="4" name="EmirSeho.tests.SubmitOrderTest" time="211.672" errors="0" timestamp="2022-12-19T12:50:40 CET" skipped="0">
  <testcase classname="EmirSeho.tests.SubmitOrderTest" name="SubmitOrder" time="49.366"/>
  <system-out/>
  <testcase classname="EmirSeho.tests.SubmitOrderTest" name="SubmitOrder" time="60.555"/>
  <system-out/>
  <testcase classname="EmirSeho.tests.SubmitOrderTest" name="CheckoutCartPopupOrderHistoryTest" time="53.636"/>
  <system-out/>
  <testcase classname="EmirSeho.tests.SubmitOrderTest" name="CheckoutCartPopupOrderHistoryTest" time="48.115"/>
  <system-out/>
</testsuite> <!-- EmirSeho.tests.SubmitOrderTest -->
