<?xml version="1.0" encoding="UTF-8"?>
<!-- Generated by org.testng.reporters.JUnitReportReporter -->
<testsuite hostname="Emir-TOSH" failures="0" tests="2" name="tests.SubmitOrderTest" time="91.271" errors="0" timestamp="2022-12-21T13:07:52 CET" skipped="0">
  <testcase classname="tests.SubmitOrderTest" name="SubmitOrder" time="49.280"/>
  <system-out/>
  <testcase classname="tests.SubmitOrderTest" name="SubmitOrder" time="41.991"/>
  <system-out/>
</testsuite> <!-- tests.SubmitOrderTest -->
