<?xml version="1.0" encoding="UTF-8"?>
<!-- Generated by org.testng.reporters.JUnitReportReporter -->
<testsuite hostname="Emir-TOSH" failures="0" tests="2" name="tests.ErrorValidationsTests" time="65.411" errors="0" timestamp="2022-12-21T12:41:25 CET" skipped="0">
  <testcase classname="tests.ErrorValidationsTests" name="LoginErrorValidtion" time="22.236"/>
  <system-out/>
  <testcase classname="tests.ErrorValidationsTests" name="ProductErrorValidtion" time="43.175"/>
  <system-out/>
</testsuite> <!-- tests.ErrorValidationsTests -->
